
****** Vitis HLS - High-Level Synthesis from C, C++ and OpenCL v2021.2 (64-bit)
  **** SW Build 3367213 on Tue Oct 19 02:47:39 MDT 2021
  **** IP Build 3369179 on Thu Oct 21 08:25:16 MDT 2021
    ** Copyright 1986-2021 Xilinx, Inc. All Rights Reserved.

source /opt/Xilinx/Vitis_HLS/2021.2/scripts/vitis_hls/hls.tcl -notrace
INFO: Applying HLS Y2K22 patch v1.2 for IP revision
INFO: [HLS 200-10] Running '/opt/Xilinx/Vitis_HLS/2021.2/bin/unwrapped/lnx64.o/vitis_hls'
INFO: [HLS 200-10] For user 'g110064539' on host 'ic21' (Linux_x86_64 version 3.10.0-1160.62.1.el7.x86_64) on Tue Jul 26 14:53:14 CST 2022
INFO: [HLS 200-10] On os "CentOS Linux release 7.9.2009 (Core)"
INFO: [HLS 200-10] In directory '/users/course/2022S/HLS17000000/g110064539/OFDM_Implemented_by_HLS/without_II_violation_host/host/streaming_free_running_k2k/src/dsp/L1/examples/master_ben10'
Sourcing Tcl script 'run_hls.tcl'
INFO: [HLS 200-1510] Running: open_project -reset prj_impulse_test.prj 
INFO: [HLS 200-10] Opening and resetting project '/users/course/2022S/HLS17000000/g110064539/OFDM_Implemented_by_HLS/without_II_violation_host/host/streaming_free_running_k2k/src/dsp/L1/examples/master_ben10/prj_impulse_test.prj'.
WARNING: [HLS 200-40] No /users/course/2022S/HLS17000000/g110064539/OFDM_Implemented_by_HLS/without_II_violation_host/host/streaming_free_running_k2k/src/dsp/L1/examples/master_ben10/prj_impulse_test.prj/solution1/solution1.aps file found.
INFO: [HLS 200-1510] Running: add_files src/master_mem/master2stream.cpp src/master_mem/master2stream.h  -cflags -I/users/course/2022S/HLS17000000/g110064539/OFDM_Implemented_by_HLS/without_II_violation_host/host/streaming_free_running_k2k/src/dsp/L1/include/hw/vitis_fft/fixed 
INFO: [HLS 200-10] Adding design file 'src/master_mem/master2stream.cpp' to the project
INFO: [HLS 200-10] Adding design file 'src/master_mem/master2stream.h' to the project
INFO: [HLS 200-1510] Running: add_files src/master_mem/stream2master.cpp src/master_mem/stream2master.h src/master_mem/stream2master_output_QAM.cpp src/master_mem/stream2master_output_QAM.h  -cflags -I/users/course/2022S/HLS17000000/g110064539/OFDM_Implemented_by_HLS/without_II_violation_host/host/streaming_free_running_k2k/src/dsp/L1/include/hw/vitis_fft/fixed 
INFO: [HLS 200-10] Adding design file 'src/master_mem/stream2master.cpp' to the project
INFO: [HLS 200-10] Adding design file 'src/master_mem/stream2master.h' to the project
INFO: [HLS 200-10] Adding design file 'src/master_mem/stream2master_output_QAM.cpp' to the project
INFO: [HLS 200-10] Adding design file 'src/master_mem/stream2master_output_QAM.h' to the project
INFO: [HLS 200-1510] Running: add_files src/master_top.cpp src/master_top.h  -cflags -I/users/course/2022S/HLS17000000/g110064539/OFDM_Implemented_by_HLS/without_II_violation_host/host/streaming_free_running_k2k/src/dsp/L1/include/hw/vitis_fft/fixed 
INFO: [HLS 200-10] Adding design file 'src/master_top.cpp' to the project
INFO: [HLS 200-10] Adding design file 'src/master_top.h' to the project
INFO: [HLS 200-1510] Running: add_files src/channel_stream/channel_gen.cpp src/equalizer/equalizer.hpp  -cflags -I/users/course/2022S/HLS17000000/g110064539/OFDM_Implemented_by_HLS/without_II_violation_host/host/streaming_free_running_k2k/src/dsp/L1/include/hw/vitis_fft/fixed 
INFO: [HLS 200-10] Adding design file 'src/channel_stream/channel_gen.cpp' to the project
INFO: [HLS 200-10] Adding design file 'src/equalizer/equalizer.hpp' to the project
INFO: [HLS 200-1510] Running: add_files src/equalizer/equalizer.cpp src/equalizer/equalizer.hpp  -cflags -I/users/course/2022S/HLS17000000/g110064539/OFDM_Implemented_by_HLS/without_II_violation_host/host/streaming_free_running_k2k/src/dsp/L1/include/hw/vitis_fft/fixed 
INFO: [HLS 200-10] Adding design file 'src/equalizer/equalizer.cpp' to the project
INFO: [HLS 200-10] Adding design file 'src/equalizer/equalizer.hpp' to the project
INFO: [HLS 200-1510] Running: add_files src/data_path.hpp  -cflags -I/users/course/2022S/HLS17000000/g110064539/OFDM_Implemented_by_HLS/without_II_violation_host/host/streaming_free_running_k2k/src/dsp/L1/include/hw/vitis_fft/fixed 
INFO: [HLS 200-10] Adding design file 'src/data_path.hpp' to the project
INFO: [HLS 200-1510] Running: add_files src/Tx.cpp src/Tx.h src/AWGN.cpp src/AWGN.h src/Rx.cpp src/Rx.h -cflags -I/users/course/2022S/HLS17000000/g110064539/OFDM_Implemented_by_HLS/without_II_violation_host/host/streaming_free_running_k2k/src/dsp/L1/include/hw/vitis_fft/fixed 
INFO: [HLS 200-10] Adding design file 'src/Tx.cpp' to the project
INFO: [HLS 200-10] Adding design file 'src/Tx.h' to the project
INFO: [HLS 200-10] Adding design file 'src/AWGN.cpp' to the project
INFO: [HLS 200-10] Adding design file 'src/AWGN.h' to the project
INFO: [HLS 200-10] Adding design file 'src/Rx.cpp' to the project
INFO: [HLS 200-10] Adding design file 'src/Rx.h' to the project
INFO: [HLS 200-1510] Running: add_files src/CP_insertion/Cp_insertion.cpp src/CP_insertion/Cp_insertion.h -cflags -I/users/course/2022S/HLS17000000/g110064539/OFDM_Implemented_by_HLS/without_II_violation_host/host/streaming_free_running_k2k/src/dsp/L1/include/hw/vitis_fft/fixed 
INFO: [HLS 200-10] Adding design file 'src/CP_insertion/Cp_insertion.cpp' to the project
INFO: [HLS 200-10] Adding design file 'src/CP_insertion/Cp_insertion.h' to the project
INFO: [HLS 200-1510] Running: add_files src/pilot_insertion/pilot_insertion.cpp src/pilot_insertion/pilot_insertion.h -cflags -I/users/course/2022S/HLS17000000/g110064539/OFDM_Implemented_by_HLS/without_II_violation_host/host/streaming_free_running_k2k/src/dsp/L1/include/hw/vitis_fft/fixed 
INFO: [HLS 200-10] Adding design file 'src/pilot_insertion/pilot_insertion.cpp' to the project
INFO: [HLS 200-10] Adding design file 'src/pilot_insertion/pilot_insertion.h' to the project
INFO: [HLS 200-1510] Running: add_files src/top_module.cpp src/top_module.hpp -cflags -I/users/course/2022S/HLS17000000/g110064539/OFDM_Implemented_by_HLS/without_II_violation_host/host/streaming_free_running_k2k/src/dsp/L1/include/hw/vitis_fft/fixed 
INFO: [HLS 200-10] Adding design file 'src/top_module.cpp' to the project
INFO: [HLS 200-10] Adding design file 'src/top_module.hpp' to the project
INFO: [HLS 200-1510] Running: add_files src/picture_to_symbol/pixl_to_symbol.cpp src/picture_to_symbol/pixl_to_symbol.h -cflags -I/users/course/2022S/HLS17000000/g110064539/OFDM_Implemented_by_HLS/without_II_violation_host/host/streaming_free_running_k2k/src/dsp/L1/include/hw/vitis_fft/fixed 
INFO: [HLS 200-10] Adding design file 'src/picture_to_symbol/pixl_to_symbol.cpp' to the project
INFO: [HLS 200-10] Adding design file 'src/picture_to_symbol/pixl_to_symbol.h' to the project
INFO: [HLS 200-1510] Running: add_files src/QAM/qam.cpp src/QAM/qam.hpp src/fft/fft.cpp src/fft/fft.hpp -cflags -I/users/course/2022S/HLS17000000/g110064539/OFDM_Implemented_by_HLS/without_II_violation_host/host/streaming_free_running_k2k/src/dsp/L1/include/hw/vitis_fft/fixed 
INFO: [HLS 200-10] Adding design file 'src/QAM/qam.cpp' to the project
INFO: [HLS 200-10] Adding design file 'src/QAM/qam.hpp' to the project
INFO: [HLS 200-10] Adding design file 'src/fft/fft.cpp' to the project
INFO: [HLS 200-10] Adding design file 'src/fft/fft.hpp' to the project
INFO: [HLS 200-1510] Running: add_files src/deQAM_to_pixl/data2pic.h src/deQAM_to_pixl/data2pic.cpp src/deQAM_to_pixl/data_out_main.cpp src/deQAM_to_pixl/deQAM.cpp src/channel_stream/channel_gen.h src/channel_stream/channel_gen.cpp src/channel_stream/rand_func.cpp src/channel_stream/rand.cpp -cflags -I/users/course/2022S/HLS17000000/g110064539/OFDM_Implemented_by_HLS/without_II_violation_host/host/streaming_free_running_k2k/src/dsp/L1/include/hw/vitis_fft/fixed -I/users/course/2022S/HLS17000000/g110064539/OFDM_Implemented_by_HLS/without_II_violation_host/host/streaming_free_running_k2k/src/dsp/HLS_Final_Channel_Model/code/include -I/users/course/2022S/HLS17000000/g110064539/OFDM_Implemented_by_HLS/without_II_violation_host/host/streaming_free_running_k2k/src/dsp/HLS_Final_Channel_Model/ext/dcmt/dcmt/include 
INFO: [HLS 200-10] Adding design file 'src/deQAM_to_pixl/data2pic.h' to the project
INFO: [HLS 200-10] Adding design file 'src/deQAM_to_pixl/data2pic.cpp' to the project
INFO: [HLS 200-10] Adding design file 'src/deQAM_to_pixl/data_out_main.cpp' to the project
INFO: [HLS 200-10] Adding design file 'src/deQAM_to_pixl/deQAM.cpp' to the project
INFO: [HLS 200-10] Adding design file 'src/channel_stream/channel_gen.h' to the project
INFO: [HLS 200-10] Adding design file 'src/channel_stream/channel_gen.cpp' to the project
WARNING: [HLS 200-40] Cannot find design file 'src/channel_stream/rand_func.cpp'
INFO: [HLS 200-10] Adding design file 'src/channel_stream/rand.cpp' to the project
INFO: [HLS 200-1510] Running: add_files -tb src/main.cpp src/picture_txt/pic_data.txt src/output_result/out.txt -cflags -I/users/course/2022S/HLS17000000/g110064539/OFDM_Implemented_by_HLS/without_II_violation_host/host/streaming_free_running_k2k/src/dsp/L1/include/hw/vitis_fft/fixed 
INFO: [HLS 200-10] Adding test bench file 'src/main.cpp' to the project
INFO: [HLS 200-10] Adding test bench file 'src/picture_txt/pic_data.txt' to the project
INFO: [HLS 200-10] Adding test bench file 'src/output_result/out.txt' to the project
INFO: [HLS 200-1510] Running: set_top master_top 
INFO: [HLS 200-1510] Running: open_solution -reset solution1 
INFO: [HLS 200-10] Creating and opening solution '/users/course/2022S/HLS17000000/g110064539/OFDM_Implemented_by_HLS/without_II_violation_host/host/streaming_free_running_k2k/src/dsp/L1/examples/master_ben10/prj_impulse_test.prj/solution1'.
INFO: [HLS 200-10] Cleaning up the solution database.
WARNING: [HLS 200-40] No /users/course/2022S/HLS17000000/g110064539/OFDM_Implemented_by_HLS/without_II_violation_host/host/streaming_free_running_k2k/src/dsp/L1/examples/master_ben10/prj_impulse_test.prj/solution1/solution1.aps file found.
INFO: [HLS 200-1505] Using default flow_target 'vivado'
Resolution: For help on HLS 200-1505 see www.xilinx.com/cgi-bin/docs/rdoc?v=2021.2;t=hls+guidance;d=200-1505.html
INFO: [HLS 200-1510] Running: set_part XCK26-SFVC784-2LV-C 
INFO: [HLS 200-1611] Setting target device to 'xck26-sfvc784-2LV-c'
INFO: [HLS 200-1510] Running: create_clock -period 20 
INFO: [SYN 201-201] Setting up clock 'default' with a period of 20ns.
INFO: [HLS 200-1510] Running: csim_design 
INFO: [SIM 211-2] *************** CSIM start ***************
INFO: [SIM 211-4] CSIM will launch GCC as the compiler.
make[1]: Entering directory `/users/course/2022S/HLS17000000/g110064539/OFDM_Implemented_by_HLS/without_II_violation_host/host/streaming_free_running_k2k/src/dsp/L1/examples/master_ben10/prj_impulse_test.prj/solution1/csim/build'
   Compiling ../../../../src/main.cpp in debug mode
   Compiling ../../../../src/deQAM_to_pixl/data2pic.cpp in debug mode
   Compiling ../../../../src/deQAM_to_pixl/data_out_main.cpp in debug mode
   Compiling ../../../../src/deQAM_to_pixl/deQAM.cpp in debug mode
   Compiling ../../../../src/channel_stream/channel_gen.cpp in debug mode
   Compiling ../../../../src/channel_stream/rand.cpp in debug mode
   Compiling ../../../../src/QAM/qam.cpp in debug mode
   Compiling ../../../../src/fft/fft.cpp in debug mode
   Compiling ../../../../src/picture_to_symbol/pixl_to_symbol.cpp in debug mode
   Compiling ../../../../src/top_module.cpp in debug mode
   Compiling ../../../../src/pilot_insertion/pilot_insertion.cpp in debug mode
   Compiling ../../../../src/CP_insertion/Cp_insertion.cpp in debug mode
   Compiling ../../../../src/Tx.cpp in debug mode
   Compiling ../../../../src/AWGN.cpp in debug mode
   Compiling ../../../../src/Rx.cpp in debug mode
   Compiling ../../../../src/equalizer/equalizer.cpp in debug mode
   Compiling ../../../../src/master_top.cpp in debug mode
   Compiling ../../../../src/master_mem/stream2master.cpp in debug mode
   Compiling ../../../../src/master_mem/stream2master_output_QAM.cpp in debug mode
   Compiling ../../../../src/master_mem/master2stream.cpp in debug mode
   Generating csim.exe
make[1]: Leaving directory `/users/course/2022S/HLS17000000/g110064539/OFDM_Implemented_by_HLS/without_II_violation_host/host/streaming_free_running_k2k/src/dsp/L1/examples/master_ben10/prj_impulse_test.prj/solution1/csim/build'
In file included from /opt/Xilinx/Vitis_HLS/2021.2/include/hls_hotbm_apfixed.h:45:0,
                 from /opt/Xilinx/Vitis_HLS/2021.2/include/hls_math.h:1065,
                 from /users/course/2022S/HLS17000000/g110064539/OFDM_Implemented_by_HLS/without_II_violation_host/host/streaming_free_running_k2k/src/dsp/HLS_Final_Channel_Model/code/include/xf_fintech/rng.hpp:27,
                 from ../../../../src/channel_stream/rand.cpp:4:
/opt/Xilinx/Vitis_HLS/2021.2/include/utils/x_hls_utils.h:246:10: warning: ‘hls_preserve’ attribute directive ignored [-Wattributes]
 T reg(T d)
          ^
>> Test Start
>> Load Input
>> Read Data
>> Start Calculation
data_out_deQAM_real = -240 data_out_deQAM_imag = 215
data_out_deQAM_real = -165 data_out_deQAM_imag = -434
data_out_deQAM_real = -545 data_out_deQAM_imag = 382
data_out_deQAM_real = 54 data_out_deQAM_imag = 296
data_out_deQAM_real = -408 data_out_deQAM_imag = 413
data_out_deQAM_real = -533 data_out_deQAM_imag = -251
data_out_deQAM_real = -73 data_out_deQAM_imag = 413
data_out_deQAM_real = -453 data_out_deQAM_imag = -160
data_out_deQAM_real = -140 data_out_deQAM_imag = -311
data_out_deQAM_real = -151 data_out_deQAM_imag = 477
data_out_deQAM_real = -146 data_out_deQAM_imag = -75
data_out_deQAM_real = -143 data_out_deQAM_imag = -284
data_out_deQAM_real = -172 data_out_deQAM_imag = -160
data_out_deQAM_real = -457 data_out_deQAM_imag = -90
data_out_deQAM_real = -131 data_out_deQAM_imag = -103
data_out_deQAM_real = -34 data_out_deQAM_imag = -303
data_out_deQAM_real = -252 data_out_deQAM_imag = -189
data_out_deQAM_real = -466 data_out_deQAM_imag = 428
data_out_deQAM_real = -70 data_out_deQAM_imag = -34
data_out_deQAM_real = -17 data_out_deQAM_imag = 44
data_out_deQAM_real = -157 data_out_deQAM_imag = -182
data_out_deQAM_real = -494 data_out_deQAM_imag = 59
data_out_deQAM_real = -301 data_out_deQAM_imag = 271
data_out_deQAM_real = 249 data_out_deQAM_imag = 421
data_out_deQAM_real = -415 data_out_deQAM_imag = -15
data_out_deQAM_real = 119 data_out_deQAM_imag = -260
data_out_deQAM_real = -553 data_out_deQAM_imag = 151
data_out_deQAM_real = 113 data_out_deQAM_imag = 577
data_out_deQAM_real = -358 data_out_deQAM_imag = 93
data_out_deQAM_real = 171 data_out_deQAM_imag = -125
data_out_deQAM_real = -403 data_out_deQAM_imag = 242
data_out_deQAM_real = 241 data_out_deQAM_imag = -208
data_out_deQAM_real = -383 data_out_deQAM_imag = -107
data_out_deQAM_real = 78 data_out_deQAM_imag = -75
data_out_deQAM_real = -218 data_out_deQAM_imag = -513
data_out_deQAM_real = -415 data_out_deQAM_imag = 38
data_out_deQAM_real = -233 data_out_deQAM_imag = 53
data_out_deQAM_real = 128 data_out_deQAM_imag = 159
data_out_deQAM_real = -177 data_out_deQAM_imag = 337
data_out_deQAM_real = -288 data_out_deQAM_imag = -313
data_out_deQAM_real = -440 data_out_deQAM_imag = -2
data_out_deQAM_real = 117 data_out_deQAM_imag = -529
data_out_deQAM_real = -316 data_out_deQAM_imag = 147
data_out_deQAM_real = 340 data_out_deQAM_imag = -37
data_out_deQAM_real = -397 data_out_deQAM_imag = 303
data_out_deQAM_real = 111 data_out_deQAM_imag = 432
data_out_deQAM_real = 123 data_out_deQAM_imag = -354
data_out_deQAM_real = 209 data_out_deQAM_imag = -35
data_out_deQAM_real = 101 data_out_deQAM_imag = -379
data_out_deQAM_real = 422 data_out_deQAM_imag = -173
data_out_deQAM_real = -74 data_out_deQAM_imag = -426
data_out_deQAM_real = 240 data_out_deQAM_imag = -107
data_out_deQAM_real = -166 data_out_deQAM_imag = -353
data_out_deQAM_real = 74 data_out_deQAM_imag = 49
data_out_deQAM_real = -124 data_out_deQAM_imag = -103
data_out_deQAM_real = -386 data_out_deQAM_imag = 381
data_out_deQAM_real = -237 data_out_deQAM_imag = -294
data_out_deQAM_real = -165 data_out_deQAM_imag = 87
data_out_deQAM_real = 522 data_out_deQAM_imag = 160
data_out_deQAM_real = -297 data_out_deQAM_imag = -484
data_out_deQAM_real = 309 data_out_deQAM_imag = 373
data_out_deQAM_real = 476 data_out_deQAM_imag = -85
data_out_deQAM_real = 313 data_out_deQAM_imag = 269
data_out_deQAM_real = -540 data_out_deQAM_imag = 226
data_out_deQAM_real = -334 data_out_deQAM_imag = 347
data_out_deQAM_real = -118 data_out_deQAM_imag = -244
data_out_deQAM_real = -411 data_out_deQAM_imag = 259
data_out_deQAM_real = 305 data_out_deQAM_imag = -298
data_out_deQAM_real = -509 data_out_deQAM_imag = 316
data_out_deQAM_real = -272 data_out_deQAM_imag = 248
data_out_deQAM_real = -338 data_out_deQAM_imag = -61
data_out_deQAM_real = 340 data_out_deQAM_imag = -321
data_out_deQAM_real = -208 data_out_deQAM_imag = -445
data_out_deQAM_real = 502 data_out_deQAM_imag = -295
data_out_deQAM_real = -35 data_out_deQAM_imag = -357
data_out_deQAM_real = 304 data_out_deQAM_imag = -277
data_out_deQAM_real = -283 data_out_deQAM_imag = -371
data_out_deQAM_real = -242 data_out_deQAM_imag = -203
data_out_deQAM_real = -69 data_out_deQAM_imag = -397
data_out_deQAM_real = -362 data_out_deQAM_imag = 490
data_out_deQAM_real = -91 data_out_deQAM_imag = -278
data_out_deQAM_real = 560 data_out_deQAM_imag = -230
data_out_deQAM_real = -123 data_out_deQAM_imag = -430
data_out_deQAM_real = -159 data_out_deQAM_imag = -267
data_out_deQAM_real = -287 data_out_deQAM_imag = -554
data_out_deQAM_real = -216 data_out_deQAM_imag = 187
data_out_deQAM_real = -390 data_out_deQAM_imag = 76
data_out_deQAM_real = 281 data_out_deQAM_imag = 185
data_out_deQAM_real = -457 data_out_deQAM_imag = -72
data_out_deQAM_real = 78 data_out_deQAM_imag = -178
data_out_deQAM_real = -63 data_out_deQAM_imag = -155
data_out_deQAM_real = -407 data_out_deQAM_imag = 139
data_out_deQAM_real = -435 data_out_deQAM_imag = 221
data_out_deQAM_real = 349 data_out_deQAM_imag = 255
data_out_deQAM_real = -566 data_out_deQAM_imag = 211
data_out_deQAM_real = 234 data_out_deQAM_imag = 83
data_out_deQAM_real = -284 data_out_deQAM_imag = 59
data_out_deQAM_real = 285 data_out_deQAM_imag = 173
data_out_deQAM_real = -403 data_out_deQAM_imag = 118
data_out_deQAM_real = 260 data_out_deQAM_imag = -149
data_out_deQAM_real = -267 data_out_deQAM_imag = 218
data_out_deQAM_real = 63 data_out_deQAM_imag = -140
data_out_deQAM_real = -467 data_out_deQAM_imag = -30
data_out_deQAM_real = 429 data_out_deQAM_imag = -29
data_out_deQAM_real = -289 data_out_deQAM_imag = 203
data_out_deQAM_real = 368 data_out_deQAM_imag = -400
data_out_deQAM_real = -110 data_out_deQAM_imag = -422
data_out_deQAM_real = -62 data_out_deQAM_imag = -379
data_out_deQAM_real = -274 data_out_deQAM_imag = 16
data_out_deQAM_real = 393 data_out_deQAM_imag = 415
data_out_deQAM_real = -458 data_out_deQAM_imag = 513
data_out_deQAM_real = -310 data_out_deQAM_imag = 327
data_out_deQAM_real = -246 data_out_deQAM_imag = 348
data_out_deQAM_real = -87 data_out_deQAM_imag = -62
data_out_deQAM_real = -355 data_out_deQAM_imag = 31
data_out_deQAM_real = 61 data_out_deQAM_imag = 64
data_out_deQAM_real = -107 data_out_deQAM_imag = -390
data_out_deQAM_real = 508 data_out_deQAM_imag = -422
data_out_deQAM_real = -8 data_out_deQAM_imag = -269
data_out_deQAM_real = -483 data_out_deQAM_imag = 178
data_out_deQAM_real = -334 data_out_deQAM_imag = -111
data_out_deQAM_real = -428 data_out_deQAM_imag = 240
data_out_deQAM_real = -415 data_out_deQAM_imag = 161
data_out_deQAM_real = 60 data_out_deQAM_imag = 335
data_out_deQAM_real = 204 data_out_deQAM_imag = 36
data_out_deQAM_real = -181 data_out_deQAM_imag = 8
data_out_deQAM_real = 298 data_out_deQAM_imag = 286
data_out_deQAM_real = 62 data_out_deQAM_imag = -331
data_out_deQAM_real = -356 data_out_deQAM_imag = 457
data_out_deQAM_real = 54 data_out_deQAM_imag = -123
data_out_deQAM_real = -409 data_out_deQAM_imag = 192
data_out_deQAM_real = -251 data_out_deQAM_imag = 173
data_out_deQAM_real = -464 data_out_deQAM_imag = 375
data_out_deQAM_real = -406 data_out_deQAM_imag = 64
data_out_deQAM_real = -436 data_out_deQAM_imag = 414
data_out_deQAM_real = -222 data_out_deQAM_imag = -343
data_out_deQAM_real = -83 data_out_deQAM_imag = -231
data_out_deQAM_real = -509 data_out_deQAM_imag = 108
data_out_deQAM_real = -143 data_out_deQAM_imag = -335
data_out_deQAM_real = 489 data_out_deQAM_imag = -15
data_out_deQAM_real = -135 data_out_deQAM_imag = -512
data_out_deQAM_real = 401 data_out_deQAM_imag = 65
data_out_deQAM_real = -24 data_out_deQAM_imag = -460
data_out_deQAM_real = 189 data_out_deQAM_imag = -439
data_out_deQAM_real = -157 data_out_deQAM_imag = -533
data_out_deQAM_real = 449 data_out_deQAM_imag = 219
data_out_deQAM_real = -72 data_out_deQAM_imag = -393
data_out_deQAM_real = 392 data_out_deQAM_imag = 306
data_out_deQAM_real = -182 data_out_deQAM_imag = -65
data_out_deQAM_real = -280 data_out_deQAM_imag = 488
data_out_deQAM_real = -526 data_out_deQAM_imag = 3
data_out_deQAM_real = 174 data_out_deQAM_imag = 317
data_out_deQAM_real = -432 data_out_deQAM_imag = 361
data_out_deQAM_real = -352 data_out_deQAM_imag = -276
data_out_deQAM_real = -304 data_out_deQAM_imag = 362
data_out_deQAM_real = 117 data_out_deQAM_imag = 321
data_out_deQAM_real = -515 data_out_deQAM_imag = 8
data_out_deQAM_real = 137 data_out_deQAM_imag = 508
data_out_deQAM_real = -426 data_out_deQAM_imag = 105
data_out_deQAM_real = -71 data_out_deQAM_imag = 160
data_out_deQAM_real = -87 data_out_deQAM_imag = -236
data_out_deQAM_real = 215 data_out_deQAM_imag = -442
data_out_deQAM_real = -104 data_out_deQAM_imag = -334
data_out_deQAM_real = 106 data_out_deQAM_imag = -452
data_out_deQAM_real = -160 data_out_deQAM_imag = -374
data_out_deQAM_real = 415 data_out_deQAM_imag = 316
data_out_deQAM_real = -83 data_out_deQAM_imag = -285
data_out_deQAM_real = -315 data_out_deQAM_imag = 356
data_out_deQAM_real = 7 data_out_deQAM_imag = -403
data_out_deQAM_real = 389 data_out_deQAM_imag = -26
data_out_deQAM_real = 55 data_out_deQAM_imag = -327
data_out_deQAM_real = 246 data_out_deQAM_imag = 437
data_out_deQAM_real = 259 data_out_deQAM_imag = -327
data_out_deQAM_real = 403 data_out_deQAM_imag = 253
data_out_deQAM_real = 74 data_out_deQAM_imag = -394
data_out_deQAM_real = 209 data_out_deQAM_imag = -441
data_out_deQAM_real = 424 data_out_deQAM_imag = 135
data_out_deQAM_real = -108 data_out_deQAM_imag = -294
data_out_deQAM_real = 150 data_out_deQAM_imag = -251
data_out_deQAM_real = -473 data_out_deQAM_imag = -165
data_out_deQAM_real = -357 data_out_deQAM_imag = 305
data_out_deQAM_real = 439 data_out_deQAM_imag = -228
data_out_deQAM_real = -86 data_out_deQAM_imag = -444
data_out_deQAM_real = 310 data_out_deQAM_imag = -159
data_out_deQAM_real = -305 data_out_deQAM_imag = -478
data_out_deQAM_real = -123 data_out_deQAM_imag = 447
data_out_deQAM_real = -152 data_out_deQAM_imag = -203
data_out_deQAM_real = 353 data_out_deQAM_imag = -532
data_out_deQAM_real = -222 data_out_deQAM_imag = -547
data_out_deQAM_real = -411 data_out_deQAM_imag = -26
data_out_deQAM_real = 451 data_out_deQAM_imag = 123
data_out_deQAM_real = -421 data_out_deQAM_imag = 40
data_out_deQAM_real = -303 data_out_deQAM_imag = 290
data_out_deQAM_real = -117 data_out_deQAM_imag = 267
data_out_deQAM_real = -449 data_out_deQAM_imag = 380
data_out_deQAM_real = 393 data_out_deQAM_imag = -387
data_out_deQAM_real = -265 data_out_deQAM_imag = 500
data_out_deQAM_real = -222 data_out_deQAM_imag = -62
data_out_deQAM_real = -342 data_out_deQAM_imag = 458
data_out_deQAM_real = 447 data_out_deQAM_imag = -341
data_out_deQAM_real = -396 data_out_deQAM_imag = -225
data_out_deQAM_real = 119 data_out_deQAM_imag = -144
data_out_deQAM_real = -237 data_out_deQAM_imag = 406
data_out_deQAM_real = -149 data_out_deQAM_imag = -481
data_out_deQAM_real = -451 data_out_deQAM_imag = -201
data_out_deQAM_real = 376 data_out_deQAM_imag = -404
data_out_deQAM_real = -480 data_out_deQAM_imag = 337
data_out_deQAM_real = -415 data_out_deQAM_imag = -173
data_out_deQAM_real = -336 data_out_deQAM_imag = 343
data_out_deQAM_real = -390 data_out_deQAM_imag = -475
data_out_deQAM_real = -399 data_out_deQAM_imag = 408
data_out_deQAM_real = -284 data_out_deQAM_imag = -171
data_out_deQAM_real = -347 data_out_deQAM_imag = -62
data_out_deQAM_real = 139 data_out_deQAM_imag = 317
data_out_deQAM_real = -238 data_out_deQAM_imag = -401
data_out_deQAM_real = -280 data_out_deQAM_imag = 457
data_out_deQAM_real = -283 data_out_deQAM_imag = 253
data_out_deQAM_real = -356 data_out_deQAM_imag = -462
data_out_deQAM_real = 30 data_out_deQAM_imag = -323
data_out_deQAM_real = -168 data_out_deQAM_imag = 193
data_out_deQAM_real = -244 data_out_deQAM_imag = 108
data_out_deQAM_real = 451 data_out_deQAM_imag = 50
data_out_deQAM_real = -332 data_out_deQAM_imag = 101
data_out_deQAM_real = -198 data_out_deQAM_imag = 159
data_out_deQAM_real = -119 data_out_deQAM_imag = -538
data_out_deQAM_real = 511 data_out_deQAM_imag = 412
data_out_deQAM_real = 22 data_out_deQAM_imag = -315
data_out_deQAM_real = 105 data_out_deQAM_imag = -401
data_out_deQAM_real = 136 data_out_deQAM_imag = 35
data_out_deQAM_real = 190 data_out_deQAM_imag = 416
data_out_deQAM_real = 285 data_out_deQAM_imag = -223
data_out_deQAM_real = -94 data_out_deQAM_imag = -296
data_out_deQAM_real = 76 data_out_deQAM_imag = -278
data_out_deQAM_real = 507 data_out_deQAM_imag = 29
data_out_deQAM_real = 140 data_out_deQAM_imag = -356
data_out_deQAM_real = 193 data_out_deQAM_imag = 302
data_out_deQAM_real = 257 data_out_deQAM_imag = -434
data_out_deQAM_real = -259 data_out_deQAM_imag = -77
data_out_deQAM_real = 127 data_out_deQAM_imag = -478
data_out_deQAM_real = -51 data_out_deQAM_imag = -161
data_out_deQAM_real = 71 data_out_deQAM_imag = -390
data_out_deQAM_real = 78 data_out_deQAM_imag = -33
data_out_deQAM_real = 431 data_out_deQAM_imag = 265
data_out_deQAM_real = -288 data_out_deQAM_imag = -206
data_out_deQAM_real = 364 data_out_deQAM_imag = 127
data_out_deQAM_real = 476 data_out_deQAM_imag = 316
data_out_deQAM_real = -312 data_out_deQAM_imag = 356
data_out_deQAM_real = 128 data_out_deQAM_imag = -153
data_out_deQAM_real = -59 data_out_deQAM_imag = -162
data_out_deQAM_real = 564 data_out_deQAM_imag = -187
data_out_deQAM_real = -276 data_out_deQAM_imag = 327
data_out_deQAM_real = 108 data_out_deQAM_imag = 155
data_out_deQAM_real = -20 data_out_deQAM_imag = -533
data_out_deQAM_real = 161 data_out_deQAM_imag = 289
data_out_deQAM_real = 380 data_out_deQAM_imag = 418
data_out_deQAM_real = 86 data_out_deQAM_imag = 111
data_out_deQAM_real = -466 data_out_deQAM_imag = 409
data_out_deQAM_real = -428 data_out_deQAM_imag = 288
data_out_deQAM_real = -366 data_out_deQAM_imag = 433
data_out_deQAM_real = 451 data_out_deQAM_imag = 481
data_out_deQAM_real = -305 data_out_deQAM_imag = 471
data_out_deQAM_real = -303 data_out_deQAM_imag = 77
data_out_deQAM_real = -490 data_out_deQAM_imag = 484
data_out_deQAM_real = -90 data_out_deQAM_imag = 363
data_out_deQAM_real = -438 data_out_deQAM_imag = 524
data_out_deQAM_real = -233 data_out_deQAM_imag = 299
data_out_deQAM_real = -214 data_out_deQAM_imag = 456
data_out_deQAM_real = -168 data_out_deQAM_imag = 115
data_out_deQAM_real = -174 data_out_deQAM_imag = 378
data_out_deQAM_real = -168 data_out_deQAM_imag = -74
data_out_deQAM_real = -379 data_out_deQAM_imag = -98
data_out_deQAM_real = 83 data_out_deQAM_imag = -30
data_out_deQAM_real = -402 data_out_deQAM_imag = -73
data_out_deQAM_real = 276 data_out_deQAM_imag = -133
data_out_deQAM_real = -393 data_out_deQAM_imag = -148
data_out_deQAM_real = 76 data_out_deQAM_imag = 266
data_out_deQAM_real = -501 data_out_deQAM_imag = -209
data_out_deQAM_real = 174 data_out_deQAM_imag = -512
data_out_deQAM_real = -50 data_out_deQAM_imag = -299
data_out_deQAM_real = -542 data_out_deQAM_imag = -148
data_out_deQAM_real = -330 data_out_deQAM_imag = -323
data_out_deQAM_real = 35 data_out_deQAM_imag = 431
data_out_deQAM_real = -134 data_out_deQAM_imag = -417
data_out_deQAM_real = -463 data_out_deQAM_imag = 123
data_out_deQAM_real = -437 data_out_deQAM_imag = 232
data_out_deQAM_real = 305 data_out_deQAM_imag = 378
data_out_deQAM_real = -379 data_out_deQAM_imag = 78
data_out_deQAM_real = 437 data_out_deQAM_imag = 269
data_out_deQAM_real = -566 data_out_deQAM_imag = 329
data_out_deQAM_real = 221 data_out_deQAM_imag = -89
data_out_deQAM_real = -428 data_out_deQAM_imag = 251
data_out_deQAM_real = 58 data_out_deQAM_imag = -303
data_out_deQAM_real = 140 data_out_deQAM_imag = 291
data_out_deQAM_real = -378 data_out_deQAM_imag = -293
data_out_deQAM_real = 165 data_out_deQAM_imag = -109
data_out_deQAM_real = -350 data_out_deQAM_imag = 24
data_out_deQAM_real = 48 data_out_deQAM_imag = -357
data_out_deQAM_real = 383 data_out_deQAM_imag = -542
data_out_deQAM_real = -207 data_out_deQAM_imag = -127
data_out_deQAM_real = 47 data_out_deQAM_imag = -222
data_out_deQAM_real = 61 data_out_deQAM_imag = -529
data_out_deQAM_real = 194 data_out_deQAM_imag = -38
data_out_deQAM_real = 255 data_out_deQAM_imag = -242
data_out_deQAM_real = -484 data_out_deQAM_imag = 353
data_out_deQAM_real = 34 data_out_deQAM_imag = -293
data_out_deQAM_real = -441 data_out_deQAM_imag = -337
data_out_deQAM_real = 88 data_out_deQAM_imag = -443
data_out_deQAM_real = -231 data_out_deQAM_imag = -213
data_out_deQAM_real = 344 data_out_deQAM_imag = 55
data_out_deQAM_real = -215 data_out_deQAM_imag = 458
data_out_deQAM_real = -382 data_out_deQAM_imag = 502
data_out_deQAM_real = 271 data_out_deQAM_imag = 393
data_out_deQAM_real = -282 data_out_deQAM_imag = -470
data_out_deQAM_real = 382 data_out_deQAM_imag = -399
data_out_deQAM_real = -1 data_out_deQAM_imag = -325
data_out_deQAM_real = -227 data_out_deQAM_imag = -531
data_out_deQAM_real = 6 data_out_deQAM_imag = -55
data_out_deQAM_real = -282 data_out_deQAM_imag = -460
data_out_deQAM_real = 328 data_out_deQAM_imag = 390
data_out_deQAM_real = 177 data_out_deQAM_imag = 340
data_out_deQAM_real = -272 data_out_deQAM_imag = 313
data_out_deQAM_real = -218 data_out_deQAM_imag = 31
data_out_deQAM_real = -295 data_out_deQAM_imag = 344
data_out_deQAM_real = 593 data_out_deQAM_imag = -453
data_out_deQAM_real = -391 data_out_deQAM_imag = 368
data_out_deQAM_real = -191 data_out_deQAM_imag = -318
data_out_deQAM_real = -458 data_out_deQAM_imag = 398
data_out_deQAM_real = -78 data_out_deQAM_imag = -116
data_out_deQAM_real = -308 data_out_deQAM_imag = 307
data_out_deQAM_real = 421 data_out_deQAM_imag = 519
data_out_deQAM_real = -409 data_out_deQAM_imag = 576
data_out_deQAM_real = -441 data_out_deQAM_imag = -100
data_out_deQAM_real = -43 data_out_deQAM_imag = -142
data_out_deQAM_real = -536 data_out_deQAM_imag = -157
data_out_deQAM_real = -242 data_out_deQAM_imag = -319
data_out_deQAM_real = 43 data_out_deQAM_imag = -110
data_out_deQAM_real = -118 data_out_deQAM_imag = -235
data_out_deQAM_real = 201 data_out_deQAM_imag = -213
data_out_deQAM_real = -68 data_out_deQAM_imag = -510
data_out_deQAM_real = 350 data_out_deQAM_imag = 540
data_out_deQAM_real = -88 data_out_deQAM_imag = -136
data_out_deQAM_real = -124 data_out_deQAM_imag = -357
data_out_deQAM_real = -304 data_out_deQAM_imag = 96
data_out_deQAM_real = 217 data_out_deQAM_imag = 311
data_out_deQAM_real = -425 data_out_deQAM_imag = -156
data_out_deQAM_real = 165 data_out_deQAM_imag = 76
data_out_deQAM_real = -354 data_out_deQAM_imag = 21
data_out_deQAM_real = 498 data_out_deQAM_imag = 176
data_out_deQAM_real = -361 data_out_deQAM_imag = 164
data_out_deQAM_real = 78 data_out_deQAM_imag = -153
data_out_deQAM_real = -334 data_out_deQAM_imag = 19
data_out_deQAM_real = 348 data_out_deQAM_imag = 100
data_out_deQAM_real = -38 data_out_deQAM_imag = -153
data_out_deQAM_real = -348 data_out_deQAM_imag = -232
data_out_deQAM_real = -403 data_out_deQAM_imag = 305
data_out_deQAM_real = 58 data_out_deQAM_imag = 239
data_out_deQAM_real = -368 data_out_deQAM_imag = 97
data_out_deQAM_real = -30 data_out_deQAM_imag = -245
data_out_deQAM_real = 191 data_out_deQAM_imag = 395
data_out_deQAM_real = 28 data_out_deQAM_imag = -58
data_out_deQAM_real = 97 data_out_deQAM_imag = -230
data_out_deQAM_real = 192 data_out_deQAM_imag = -110
data_out_deQAM_real = -373 data_out_deQAM_imag = -139
data_out_deQAM_real = -15 data_out_deQAM_imag = 450
data_out_deQAM_real = 74 data_out_deQAM_imag = -18
data_out_deQAM_real = -206 data_out_deQAM_imag = -104
data_out_deQAM_real = 193 data_out_deQAM_imag = -230
data_out_deQAM_real = -76 data_out_deQAM_imag = -92
data_out_deQAM_real = 182 data_out_deQAM_imag = -334
data_out_deQAM_real = -5 data_out_deQAM_imag = -278
data_out_deQAM_real = 179 data_out_deQAM_imag = -110
data_out_deQAM_real = -365 data_out_deQAM_imag = 327
data_out_deQAM_real = 553 data_out_deQAM_imag = 243
data_out_deQAM_real = 306 data_out_deQAM_imag = -329
data_out_deQAM_real = -353 data_out_deQAM_imag = 557
data_out_deQAM_real = 194 data_out_deQAM_imag = 2
data_out_deQAM_real = -51 data_out_deQAM_imag = -378
data_out_deQAM_real = 360 data_out_deQAM_imag = -60
data_out_deQAM_real = -185 data_out_deQAM_imag = -287
data_out_deQAM_real = -155 data_out_deQAM_imag = -216
data_out_deQAM_real = -237 data_out_deQAM_imag = -368
data_out_deQAM_real = 260 data_out_deQAM_imag = -352
data_out_deQAM_real = 403 data_out_deQAM_imag = 370
data_out_deQAM_real = 198 data_out_deQAM_imag = 269
data_out_deQAM_real = -265 data_out_deQAM_imag = 445
data_out_deQAM_real = -253 data_out_deQAM_imag = 252
data_out_deQAM_real = -425 data_out_deQAM_imag = 546
data_out_deQAM_real = -471 data_out_deQAM_imag = 172
data_out_deQAM_real = -380 data_out_deQAM_imag = 268
data_out_deQAM_real = 234 data_out_deQAM_imag = 137
data_out_deQAM_real = -421 data_out_deQAM_imag = 288
data_out_deQAM_real = 383 data_out_deQAM_imag = -422
data_out_deQAM_real = -361 data_out_deQAM_imag = 420
data_out_deQAM_real = -124 data_out_deQAM_imag = -139
data_out_deQAM_real = -434 data_out_deQAM_imag = 423
data_out_deQAM_real = -169 data_out_deQAM_imag = -189
data_out_deQAM_real = -118 data_out_deQAM_imag = -360
data_out_deQAM_real = 358 data_out_deQAM_imag = 246
data_out_deQAM_real = -142 data_out_deQAM_imag = -414
data_out_deQAM_real = -20 data_out_deQAM_imag = 232
data_out_deQAM_real = -102 data_out_deQAM_imag = -349
data_out_deQAM_real = 311 data_out_deQAM_imag = 374
data_out_deQAM_real = -235 data_out_deQAM_imag = -391
data_out_deQAM_real = -331 data_out_deQAM_imag = 202
data_out_deQAM_real = -112 data_out_deQAM_imag = -377
data_out_deQAM_real = -111 data_out_deQAM_imag = 165
data_out_deQAM_real = -327 data_out_deQAM_imag = 170
data_out_deQAM_real = 72 data_out_deQAM_imag = -142
data_out_deQAM_real = -317 data_out_deQAM_imag = -130
data_out_deQAM_real = -6 data_out_deQAM_imag = 326
data_out_deQAM_real = -101 data_out_deQAM_imag = -358
data_out_deQAM_real = -411 data_out_deQAM_imag = 366
data_out_deQAM_real = -296 data_out_deQAM_imag = 226
data_out_deQAM_real = 229 data_out_deQAM_imag = -103
data_out_deQAM_real = -258 data_out_deQAM_imag = 111
data_out_deQAM_real = 87 data_out_deQAM_imag = -16
data_out_deQAM_real = -335 data_out_deQAM_imag = 224
data_out_deQAM_real = 456 data_out_deQAM_imag = -147
data_out_deQAM_real = -363 data_out_deQAM_imag = 23
data_out_deQAM_real = -36 data_out_deQAM_imag = -368
data_out_deQAM_real = -238 data_out_deQAM_imag = -339
data_out_deQAM_real = 292 data_out_deQAM_imag = 340
data_out_deQAM_real = 71 data_out_deQAM_imag = 366
data_out_deQAM_real = -142 data_out_deQAM_imag = 392
data_out_deQAM_real = 231 data_out_deQAM_imag = -85
data_out_deQAM_real = -128 data_out_deQAM_imag = -153
data_out_deQAM_real = 111 data_out_deQAM_imag = 307
data_out_deQAM_real = 116 data_out_deQAM_imag = 482
data_out_deQAM_real = -321 data_out_deQAM_imag = -81
data_out_deQAM_real = 407 data_out_deQAM_imag = 228
data_out_deQAM_real = 120 data_out_deQAM_imag = -456
data_out_deQAM_real = 39 data_out_deQAM_imag = 168
data_out_deQAM_real = 218 data_out_deQAM_imag = -361
data_out_deQAM_real = 380 data_out_deQAM_imag = 114
data_out_deQAM_real = 529 data_out_deQAM_imag = 133
data_out_deQAM_real = 347 data_out_deQAM_imag = 108
data_out_deQAM_real = 380 data_out_deQAM_imag = 27
data_out_deQAM_real = 178 data_out_deQAM_imag = -342
data_out_deQAM_real = -273 data_out_deQAM_imag = 418
data_out_deQAM_real = 433 data_out_deQAM_imag = 33
data_out_deQAM_real = 14 data_out_deQAM_imag = -387
data_out_deQAM_real = -17 data_out_deQAM_imag = -400
data_out_deQAM_real = -175 data_out_deQAM_imag = -461
data_out_deQAM_real = -229 data_out_deQAM_imag = -344
data_out_deQAM_real = -9 data_out_deQAM_imag = -74
data_out_deQAM_real = -372 data_out_deQAM_imag = -175
data_out_deQAM_real = 416 data_out_deQAM_imag = 342
data_out_deQAM_real = 160 data_out_deQAM_imag = 368
data_out_deQAM_real = -441 data_out_deQAM_imag = 471
data_out_deQAM_real = -238 data_out_deQAM_imag = -424
data_out_deQAM_real = -379 data_out_deQAM_imag = 389
data_out_deQAM_real = 378 data_out_deQAM_imag = -357
data_out_deQAM_real = -517 data_out_deQAM_imag = 537
data_out_deQAM_real = -141 data_out_deQAM_imag = 463
data_out_deQAM_real = -464 data_out_deQAM_imag = 393
data_out_deQAM_real = -213 data_out_deQAM_imag = 437
data_out_deQAM_real = -416 data_out_deQAM_imag = 339
data_out_deQAM_real = 427 data_out_deQAM_imag = -435
data_out_deQAM_real = -441 data_out_deQAM_imag = 460
data_out_deQAM_real = -166 data_out_deQAM_imag = -187
data_out_deQAM_real = -190 data_out_deQAM_imag = -495
data_out_deQAM_real = 341 data_out_deQAM_imag = 259
data_out_deQAM_real = -184 data_out_deQAM_imag = -222
data_out_deQAM_real = 449 data_out_deQAM_imag = -287
data_out_deQAM_real = -243 data_out_deQAM_imag = -262
data_out_deQAM_real = -199 data_out_deQAM_imag = 290
data_out_deQAM_real = -247 data_out_deQAM_imag = -430
data_out_deQAM_real = 389 data_out_deQAM_imag = -386
data_out_deQAM_real = -114 data_out_deQAM_imag = -409
data_out_deQAM_real = 227 data_out_deQAM_imag = -343
data_out_deQAM_real = -269 data_out_deQAM_imag = 38
data_out_deQAM_real = 84 data_out_deQAM_imag = -473
data_out_deQAM_real = -493 data_out_deQAM_imag = -50
data_out_deQAM_real = 58 data_out_deQAM_imag = 368
data_out_deQAM_real = 5 data_out_deQAM_imag = -294
data_out_deQAM_real = -317 data_out_deQAM_imag = -303
data_out_deQAM_real = -231 data_out_deQAM_imag = 131
data_out_deQAM_real = 246 data_out_deQAM_imag = -235
data_out_deQAM_real = -379 data_out_deQAM_imag = 157
data_out_deQAM_real = 283 data_out_deQAM_imag = -431
data_out_deQAM_real = -300 data_out_deQAM_imag = 142
data_out_deQAM_real = -90 data_out_deQAM_imag = -125
data_out_deQAM_real = -56 data_out_deQAM_imag = -356
data_out_deQAM_real = 318 data_out_deQAM_imag = 119
data_out_deQAM_real = -132 data_out_deQAM_imag = -535
data_out_deQAM_real = 385 data_out_deQAM_imag = -214
data_out_deQAM_real = 208 data_out_deQAM_imag = 346
data_out_deQAM_real = -321 data_out_deQAM_imag = 117
data_out_deQAM_real = 163 data_out_deQAM_imag = 429
data_out_deQAM_real = 258 data_out_deQAM_imag = 323
data_out_deQAM_real = 199 data_out_deQAM_imag = -27
data_out_deQAM_real = 291 data_out_deQAM_imag = -340
data_out_deQAM_real = 264 data_out_deQAM_imag = -161
data_out_deQAM_real = -336 data_out_deQAM_imag = -343
data_out_deQAM_real = 119 data_out_deQAM_imag = -204
data_out_deQAM_real = -18 data_out_deQAM_imag = 487
data_out_deQAM_real = -368 data_out_deQAM_imag = -127
data_out_deQAM_real = 67 data_out_deQAM_imag = 373
data_out_deQAM_real = 200 data_out_deQAM_imag = -308
data_out_deQAM_real = 238 data_out_deQAM_imag = 276
data_out_deQAM_real = 211 data_out_deQAM_imag = 99
data_out_deQAM_real = -207 data_out_deQAM_imag = -375
data_out_deQAM_real = -255 data_out_deQAM_imag = 449
data_out_deQAM_real = 87 data_out_deQAM_imag = 422
data_out_deQAM_real = -160 data_out_deQAM_imag = -521
data_out_deQAM_real = 433 data_out_deQAM_imag = 48
data_out_deQAM_real = -127 data_out_deQAM_imag = -357
data_out_deQAM_real = 45 data_out_deQAM_imag = -457
data_out_deQAM_real = -222 data_out_deQAM_imag = -418
data_out_deQAM_real = 218 data_out_deQAM_imag = -310
data_out_deQAM_real = 346 data_out_deQAM_imag = 406
data_out_deQAM_real = 87 data_out_deQAM_imag = -107
data_out_deQAM_real = -309 data_out_deQAM_imag = 289
data_out_deQAM_real = 25 data_out_deQAM_imag = -197
data_out_deQAM_real = -221 data_out_deQAM_imag = 398
data_out_deQAM_real = 395 data_out_deQAM_imag = -305
data_out_deQAM_real = -280 data_out_deQAM_imag = 477
data_out_deQAM_real = -88 data_out_deQAM_imag = 383
data_out_deQAM_real = -472 data_out_deQAM_imag = 524
data_out_deQAM_real = 373 data_out_deQAM_imag = 29
data_out_deQAM_real = -441 data_out_deQAM_imag = 339
data_out_deQAM_real = -101 data_out_deQAM_imag = -178
data_out_deQAM_real = -367 data_out_deQAM_imag = 231
data_out_deQAM_real = -297 data_out_deQAM_imag = 251
data_out_deQAM_real = -173 data_out_deQAM_imag = -424
data_out_deQAM_real = 71 data_out_deQAM_imag = 231
data_out_deQAM_real = -178 data_out_deQAM_imag = -322
data_out_deQAM_real = 11 data_out_deQAM_imag = 46
data_out_deQAM_real = -104 data_out_deQAM_imag = -373
data_out_deQAM_real = 38 data_out_deQAM_imag = -307
data_out_deQAM_real = -169 data_out_deQAM_imag = -482
data_out_deQAM_real = 392 data_out_deQAM_imag = 435
data_out_deQAM_real = -202 data_out_deQAM_imag = -384
data_out_deQAM_real = 279 data_out_deQAM_imag = -139
data_out_deQAM_real = -255 data_out_deQAM_imag = -367
data_out_deQAM_real = -363 data_out_deQAM_imag = 200
data_out_deQAM_real = -457 data_out_deQAM_imag = 41
data_out_deQAM_real = 96 data_out_deQAM_imag = -247
data_out_deQAM_real = -157 data_out_deQAM_imag = -362
data_out_deQAM_real = -165 data_out_deQAM_imag = 167
data_out_deQAM_real = -535 data_out_deQAM_imag = 185
data_out_deQAM_real = 54 data_out_deQAM_imag = -227
data_out_deQAM_real = -475 data_out_deQAM_imag = 260
data_out_deQAM_real = 205 data_out_deQAM_imag = -456
data_out_deQAM_real = -158 data_out_deQAM_imag = -11
data_out_deQAM_real = -87 data_out_deQAM_imag = -338
data_out_deQAM_real = 112 data_out_deQAM_imag = 78
data_out_deQAM_real = -436 data_out_deQAM_imag = -480
data_out_deQAM_real = -195 data_out_deQAM_imag = -361
data_out_deQAM_real = -514 data_out_deQAM_imag = -520
data_out_deQAM_real = 105 data_out_deQAM_imag = 320
data_out_deQAM_real = 489 data_out_deQAM_imag = -230
data_out_deQAM_real = 70 data_out_deQAM_imag = 467
data_out_deQAM_real = 465 data_out_deQAM_imag = -489
data_out_deQAM_real = 68 data_out_deQAM_imag = -206
data_out_deQAM_real = 466 data_out_deQAM_imag = -353
data_out_deQAM_real = 23 data_out_deQAM_imag = -275
data_out_deQAM_real = 109 data_out_deQAM_imag = 371
data_out_deQAM_real = -300 data_out_deQAM_imag = -255
data_out_deQAM_real = 82 data_out_deQAM_imag = 135
data_out_deQAM_real = -296 data_out_deQAM_imag = 26
data_out_deQAM_real = -305 data_out_deQAM_imag = 451
data_out_deQAM_real = 7 data_out_deQAM_imag = -211
data_out_deQAM_real = 420 data_out_deQAM_imag = 86
data_out_deQAM_real = 216 data_out_deQAM_imag = 6
data_out_deQAM_real = -160 data_out_deQAM_imag = -305
data_out_deQAM_real = -337 data_out_deQAM_imag = 20
data_out_deQAM_real = -417 data_out_deQAM_imag = -343
data_out_deQAM_real = -205 data_out_deQAM_imag = -322
data_out_deQAM_real = -189 data_out_deQAM_imag = 278
data_out_deQAM_real = -87 data_out_deQAM_imag = -276
data_out_deQAM_real = 40 data_out_deQAM_imag = -78
data_out_deQAM_real = -188 data_out_deQAM_imag = -442
data_out_deQAM_real = 189 data_out_deQAM_imag = -214
data_out_deQAM_real = 463 data_out_deQAM_imag = 282
data_out_deQAM_real = 201 data_out_deQAM_imag = 308
data_out_deQAM_real = -493 data_out_deQAM_imag = 371
data_out_deQAM_real = 18 data_out_deQAM_imag = 450
data_out_deQAM_real = -306 data_out_deQAM_imag = 447
data_out_deQAM_real = -462 data_out_deQAM_imag = 154
data_out_deQAM_real = -342 data_out_deQAM_imag = 351
data_out_deQAM_real = 416 data_out_deQAM_imag = -471
data_out_deQAM_real = -446 data_out_deQAM_imag = 313
data_out_deQAM_real = -189 data_out_deQAM_imag = 496
data_out_deQAM_real = -356 data_out_deQAM_imag = 224
data_out_deQAM_real = -295 data_out_deQAM_imag = 146
data_out_deQAM_real = -282 data_out_deQAM_imag = 397
data_out_deQAM_real = 244 data_out_deQAM_imag = -249
data_out_deQAM_real = -420 data_out_deQAM_imag = -185
data_out_deQAM_real = -209 data_out_deQAM_imag = 178
data_out_deQAM_real = -167 data_out_deQAM_imag = -170
data_out_deQAM_real = 325 data_out_deQAM_imag = -2
data_out_deQAM_real = -370 data_out_deQAM_imag = -135
data_out_deQAM_real = -417 data_out_deQAM_imag = 458
data_out_deQAM_real = -229 data_out_deQAM_imag = -245
data_out_deQAM_real = -218 data_out_deQAM_imag = 84
data_out_deQAM_real = -276 data_out_deQAM_imag = -227
data_out_deQAM_real = 188 data_out_deQAM_imag = 132
data_out_deQAM_real = 25 data_out_deQAM_imag = -581
data_out_deQAM_real = -370 data_out_deQAM_imag = 18
data_out_deQAM_real = -434 data_out_deQAM_imag = -293
data_out_deQAM_real = 89 data_out_deQAM_imag = 404
data_out_deQAM_real = -577 data_out_deQAM_imag = -134
data_out_deQAM_real = 504 data_out_deQAM_imag = 116
data_out_deQAM_real = -337 data_out_deQAM_imag = -191
data_out_deQAM_real = 147 data_out_deQAM_imag = 263
data_out_deQAM_real = -442 data_out_deQAM_imag = -131
data_out_deQAM_real = 289 data_out_deQAM_imag = -101
data_out_deQAM_real = -9 data_out_deQAM_imag = -406
data_out_deQAM_real = -79 data_out_deQAM_imag = -329
data_out_deQAM_real = -47 data_out_deQAM_imag = -310
data_out_deQAM_real = 338 data_out_deQAM_imag = 439
data_out_deQAM_real = -230 data_out_deQAM_imag = -363
data_out_deQAM_real = -269 data_out_deQAM_imag = -306
data_out_deQAM_real = 135 data_out_deQAM_imag = 436
data_out_deQAM_real = -121 data_out_deQAM_imag = -159
data_out_deQAM_real = 129 data_out_deQAM_imag = 417
data_out_deQAM_real = 206 data_out_deQAM_imag = -320
data_out_deQAM_real = 129 data_out_deQAM_imag = -345
data_out_deQAM_real = 344 data_out_deQAM_imag = 304
data_out_deQAM_real = 66 data_out_deQAM_imag = -383
data_out_deQAM_real = -67 data_out_deQAM_imag = 111
data_out_deQAM_real = 55 data_out_deQAM_imag = -157
data_out_deQAM_real = 419 data_out_deQAM_imag = -480
data_out_deQAM_real = -359 data_out_deQAM_imag = -244
data_out_deQAM_real = 244 data_out_deQAM_imag = -334
data_out_deQAM_real = 140 data_out_deQAM_imag = -438
data_out_deQAM_real = 433 data_out_deQAM_imag = 293
data_out_deQAM_real = 305 data_out_deQAM_imag = 151
data_out_deQAM_real = -147 data_out_deQAM_imag = 301
data_out_deQAM_real = -405 data_out_deQAM_imag = 542
data_out_deQAM_real = 171 data_out_deQAM_imag = -210
data_out_deQAM_real = -34 data_out_deQAM_imag = 24
data_out_deQAM_real = -495 data_out_deQAM_imag = -308
data_out_deQAM_real = -159 data_out_deQAM_imag = -440
data_out_deQAM_real = -68 data_out_deQAM_imag = -543
data_out_deQAM_real = -84 data_out_deQAM_imag = -425
data_out_deQAM_real = 291 data_out_deQAM_imag = 7
data_out_deQAM_real = 325 data_out_deQAM_imag = 127
data_out_deQAM_real = -397 data_out_deQAM_imag = -464
data_out_deQAM_real = -273 data_out_deQAM_imag = 429
data_out_deQAM_real = -141 data_out_deQAM_imag = 355
data_out_deQAM_real = -261 data_out_deQAM_imag = 370
data_out_deQAM_real = -16 data_out_deQAM_imag = 371
data_out_deQAM_real = -302 data_out_deQAM_imag = 398
data_out_deQAM_real = 220 data_out_deQAM_imag = 197
data_out_deQAM_real = -443 data_out_deQAM_imag = 487
data_out_deQAM_real = -211 data_out_deQAM_imag = 81
data_out_deQAM_real = -230 data_out_deQAM_imag = 467
data_out_deQAM_real = 303 data_out_deQAM_imag = 126
data_out_deQAM_real = -491 data_out_deQAM_imag = 387
data_out_deQAM_real = -177 data_out_deQAM_imag = -126
data_out_deQAM_real = -390 data_out_deQAM_imag = 509
data_out_deQAM_real = 315 data_out_deQAM_imag = -390
data_out_deQAM_real = -464 data_out_deQAM_imag = -196
data_out_deQAM_real = 271 data_out_deQAM_imag = -367
data_out_deQAM_real = -93 data_out_deQAM_imag = -216
data_out_deQAM_real = 157 data_out_deQAM_imag = -202
data_out_deQAM_real = -303 data_out_deQAM_imag = -42
data_out_deQAM_real = 219 data_out_deQAM_imag = 386
data_out_deQAM_real = -353 data_out_deQAM_imag = 409
data_out_deQAM_real = -472 data_out_deQAM_imag = -74
data_out_deQAM_real = -259 data_out_deQAM_imag = -478
data_out_deQAM_real = -169 data_out_deQAM_imag = -431
data_out_deQAM_real = -49 data_out_deQAM_imag = -395
data_out_deQAM_real = -460 data_out_deQAM_imag = -137
data_out_deQAM_real = -253 data_out_deQAM_imag = -390
data_out_deQAM_real = -52 data_out_deQAM_imag = -500
data_out_deQAM_real = -299 data_out_deQAM_imag = 333
data_out_deQAM_real = 165 data_out_deQAM_imag = 379
data_out_deQAM_real = -140 data_out_deQAM_imag = -284
data_out_deQAM_real = 294 data_out_deQAM_imag = 301
data_out_deQAM_real = -52 data_out_deQAM_imag = 406
data_out_deQAM_real = -220 data_out_deQAM_imag = 352
data_out_deQAM_real = 105 data_out_deQAM_imag = 363
data_out_deQAM_real = -164 data_out_deQAM_imag = 473
data_out_deQAM_real = -534 data_out_deQAM_imag = 241
data_out_deQAM_real = 164 data_out_deQAM_imag = 245
data_out_deQAM_real = 133 data_out_deQAM_imag = 362
data_out_deQAM_real = -98 data_out_deQAM_imag = -484
data_out_deQAM_real = 131 data_out_deQAM_imag = -34
data_out_deQAM_real = -167 data_out_deQAM_imag = -317
data_out_deQAM_real = 58 data_out_deQAM_imag = 390
data_out_deQAM_real = 145 data_out_deQAM_imag = -258
data_out_deQAM_real = -275 data_out_deQAM_imag = -221
data_out_deQAM_real = 197 data_out_deQAM_imag = -552
data_out_deQAM_real = 185 data_out_deQAM_imag = -495
data_out_deQAM_real = 129 data_out_deQAM_imag = -396
data_out_deQAM_real = 227 data_out_deQAM_imag = -292
data_out_deQAM_real = 113 data_out_deQAM_imag = -108
data_out_deQAM_real = 86 data_out_deQAM_imag = -297
data_out_deQAM_real = -253 data_out_deQAM_imag = 238
data_out_deQAM_real = 358 data_out_deQAM_imag = 182
data_out_deQAM_real = -212 data_out_deQAM_imag = -237
data_out_deQAM_real = -233 data_out_deQAM_imag = 331
data_out_deQAM_real = -292 data_out_deQAM_imag = -304
data_out_deQAM_real = -125 data_out_deQAM_imag = -442
data_out_deQAM_real = 281 data_out_deQAM_imag = -298
data_out_deQAM_real = -190 data_out_deQAM_imag = -359
data_out_deQAM_real = -363 data_out_deQAM_imag = -214
data_out_deQAM_real = -118 data_out_deQAM_imag = -63
data_out_deQAM_real = -348 data_out_deQAM_imag = -425
data_out_deQAM_real = 402 data_out_deQAM_imag = 480
data_out_deQAM_real = 429 data_out_deQAM_imag = 349
data_out_deQAM_real = -428 data_out_deQAM_imag = 348
data_out_deQAM_real = -428 data_out_deQAM_imag = 408
data_out_deQAM_real = -339 data_out_deQAM_imag = 499
data_out_deQAM_real = -108 data_out_deQAM_imag = -92
data_out_deQAM_real = -362 data_out_deQAM_imag = 496
data_out_deQAM_real = 13 data_out_deQAM_imag = 230
data_out_deQAM_real = -354 data_out_deQAM_imag = 381
data_out_deQAM_real = -313 data_out_deQAM_imag = 17
data_out_deQAM_real = -424 data_out_deQAM_imag = 442
data_out_deQAM_real = 355 data_out_deQAM_imag = -232
data_out_deQAM_real = -483 data_out_deQAM_imag = 454
data_out_deQAM_real = 48 data_out_deQAM_imag = 441
data_out_deQAM_real = -412 data_out_deQAM_imag = 318
data_out_deQAM_real = -119 data_out_deQAM_imag = -298
data_out_deQAM_real = -343 data_out_deQAM_imag = 403
data_out_deQAM_real = -64 data_out_deQAM_imag = 366
data_out_deQAM_real = -494 data_out_deQAM_imag = -215
data_out_deQAM_real = 326 data_out_deQAM_imag = 472
data_out_deQAM_real = -296 data_out_deQAM_imag = 229
data_out_deQAM_real = -44 data_out_deQAM_imag = 72
data_out_deQAM_real = -352 data_out_deQAM_imag = 360
data_out_deQAM_real = -330 data_out_deQAM_imag = -565
data_out_deQAM_real = -482 data_out_deQAM_imag = 477
data_out_deQAM_real = -302 data_out_deQAM_imag = -403
data_out_deQAM_real = -438 data_out_deQAM_imag = 341
data_out_deQAM_real = -135 data_out_deQAM_imag = -571
data_out_deQAM_real = -366 data_out_deQAM_imag = 227
data_out_deQAM_real = -531 data_out_deQAM_imag = 313
data_out_deQAM_real = -336 data_out_deQAM_imag = -6
data_out_deQAM_real = -126 data_out_deQAM_imag = 467
data_out_deQAM_real = -367 data_out_deQAM_imag = 106
data_out_deQAM_real = 556 data_out_deQAM_imag = 490
data_out_deQAM_real = 229 data_out_deQAM_imag = 426
data_out_deQAM_real = 317 data_out_deQAM_imag = 393
data_out_deQAM_real = 152 data_out_deQAM_imag = 570
data_out_deQAM_real = 395 data_out_deQAM_imag = 254
data_out_deQAM_real = -221 data_out_deQAM_imag = 83
data_out_deQAM_real = -184 data_out_deQAM_imag = 201
data_out_deQAM_real = 87 data_out_deQAM_imag = 302
data_out_deQAM_real = 336 data_out_deQAM_imag = -56
data_out_deQAM_real = 145 data_out_deQAM_imag = -220
data_out_deQAM_real = 117 data_out_deQAM_imag = 0
data_out_deQAM_real = -285 data_out_deQAM_imag = -154
data_out_deQAM_real = 174 data_out_deQAM_imag = 370
data_out_deQAM_real = 39 data_out_deQAM_imag = -172
data_out_deQAM_real = -348 data_out_deQAM_imag = 127
data_out_deQAM_real = 128 data_out_deQAM_imag = -404
data_out_deQAM_real = -414 data_out_deQAM_imag = 325
data_out_deQAM_real = 278 data_out_deQAM_imag = -333
data_out_deQAM_real = -402 data_out_deQAM_imag = 194
data_out_deQAM_real = 110 data_out_deQAM_imag = -539
data_out_deQAM_real = -234 data_out_deQAM_imag = -415
data_out_deQAM_real = 340 data_out_deQAM_imag = 123
data_out_deQAM_real = 501 data_out_deQAM_imag = 268
data_out_deQAM_real = -256 data_out_deQAM_imag = 450
data_out_deQAM_real = 23 data_out_deQAM_imag = 68
data_out_deQAM_real = -59 data_out_deQAM_imag = -417
data_out_deQAM_real = 446 data_out_deQAM_imag = -45
data_out_deQAM_real = -227 data_out_deQAM_imag = -323
data_out_deQAM_real = 60 data_out_deQAM_imag = -233
data_out_deQAM_real = -54 data_out_deQAM_imag = -433
data_out_deQAM_real = 434 data_out_deQAM_imag = -213
data_out_deQAM_real = 463 data_out_deQAM_imag = 474
data_out_deQAM_real = 79 data_out_deQAM_imag = -209
>> Calculation Finished!
-----------------------------
>> Pixl_Error_Rate
38.2812%
>> Symbol_Error_Rate
20.4427%
>> Bit_Error_Rate
5.27344%
INFO: [SIM 211-1] CSim done with 0 errors.
INFO: [SIM 211-3] *************** CSIM finish ***************
INFO: [HLS 200-111] Finished Command csim_design CPU user time: 47.87 seconds. CPU system time: 4.75 seconds. Elapsed time: 55.77 seconds; current allocated memory: -937.109 MB.
INFO: [HLS 200-112] Total CPU user time: 50.64 seconds. Total CPU system time: 5.87 seconds. Total elapsed time: 61.39 seconds; peak allocated memory: 264.160 MB.
INFO: [Common 17-206] Exiting vitis_hls at Tue Jul 26 14:54:15 2022...
