#-----------------------------------------------------------
# Vivado v2021.2 (64-bit)
# SW Build 3367213 on Tue Oct 19 02:47:39 MDT 2021
# IP Build 3369179 on Thu Oct 21 08:25:16 MDT 2021
# Start of session at: Sat Jul 23 16:48:10 2022
# Process ID: 55482
# Current directory: /users/course/2022S/HLS17000000/g110064539/OFDM_Implemented_by_HLS/without_II_violation_host/host/streaming_free_running_k2k/src/dsp/L1/examples/master_no_fifo_len
# Command line: vivado
# Log file: /users/course/2022S/HLS17000000/g110064539/OFDM_Implemented_by_HLS/without_II_violation_host/host/streaming_free_running_k2k/src/dsp/L1/examples/master_no_fifo_len/vivado.log
# Journal file: /users/course/2022S/HLS17000000/g110064539/OFDM_Implemented_by_HLS/without_II_violation_host/host/streaming_free_running_k2k/src/dsp/L1/examples/master_no_fifo_len/vivado.jou
# Running On: ic21, OS: Linux, CPU Frequency: 2794.662 MHz, CPU Physical cores: 32, Host memory: 269950 MB
#-----------------------------------------------------------
start_gui
WARNING: [Board 49-26] cannot add Board Part xilinx.com:vck190_es:part0:1.3 available at /opt/Xilinx/Vivado/2021.2/data/xhub/boards/XilinxBoardStore/boards/Xilinx/vck190/es/1.3/board.xml as part xcvc1902-vsva2197-2mp-e-s-es1 specified in board_part file is either invalid or not available
WARNING: [Board 49-26] cannot add Board Part xilinx.com:vmk180_es:part0:1.3 available at /opt/Xilinx/Vivado/2021.2/data/xhub/boards/XilinxBoardStore/boards/Xilinx/vmk180/es/1.3/board.xml as part xcvm1802-vsva2197-2mp-e-s-es1 specified in board_part file is either invalid or not available
WARNING: [Board 49-26] cannot add Board Part xilinx.com:vpk120_es:part0:1.2 available at /opt/Xilinx/Vivado/2021.2/data/xhub/boards/XilinxBoardStore/boards/Xilinx/vpk120/es/1.2/board.xml as part xcvp1202-vsva2785-2mp-e-s-es1 specified in board_part file is either invalid or not available
WARNING: [Board 49-26] cannot add Board Part xilinx.com:zcu208_es:part0:1.0 available at /opt/Xilinx/Vivado/2021.2/data/xhub/boards/XilinxBoardStore/boards/Xilinx/zcu208/es/1.0/board.xml as part xczu48dr-fsvg1517-2-e-es1 specified in board_part file is either invalid or not available
WARNING: [Board 49-26] cannot add Board Part xilinx.com:zcu208_es:part0:1.1 available at /opt/Xilinx/Vivado/2021.2/data/xhub/boards/XilinxBoardStore/boards/Xilinx/zcu208/es/1.1/board.xml as part xczu48dr-fsvg1517-2-e-es1 specified in board_part file is either invalid or not available
WARNING: [Board 49-26] cannot add Board Part xilinx.com:zcu208_es:part0:1.2 available at /opt/Xilinx/Vivado/2021.2/data/xhub/boards/XilinxBoardStore/boards/Xilinx/zcu208/es/1.2/board.xml as part xczu48dr-fsvg1517-2-e-es1 specified in board_part file is either invalid or not available
WARNING: [Board 49-26] cannot add Board Part xilinx.com:zcu208ld:part0:2.0 available at /opt/Xilinx/Vivado/2021.2/data/xhub/boards/XilinxBoardStore/boards/Xilinx/zcu208ld/production/2.0/board.xml as part xczu58dr-fsvg1517-2-i specified in board_part file is either invalid or not available
WARNING: [Board 49-26] cannot add Board Part xilinx.com:zcu208ld_es:part0:1.0 available at /opt/Xilinx/Vivado/2021.2/data/xhub/boards/XilinxBoardStore/boards/Xilinx/zcu208ld/es/1.0/board.xml as part xczu58dr-fsvg1517-2-i-es1 specified in board_part file is either invalid or not available
WARNING: [Board 49-26] cannot add Board Part xilinx.com:zcu216_es:part0:1.0 available at /opt/Xilinx/Vivado/2021.2/data/xhub/boards/XilinxBoardStore/boards/Xilinx/zcu216/es/1.0/board.xml as part xczu49dr-ffvf1760-2-e-es1 specified in board_part file is either invalid or not available
WARNING: [Board 49-26] cannot add Board Part xilinx.com:zcu216_es:part0:1.1 available at /opt/Xilinx/Vivado/2021.2/data/xhub/boards/XilinxBoardStore/boards/Xilinx/zcu216/es/1.1/board.xml as part xczu49dr-ffvf1760-2-e-es1 specified in board_part file is either invalid or not available
WARNING: [Board 49-26] cannot add Board Part xilinx.com:zcu216_es:part0:1.2 available at /opt/Xilinx/Vivado/2021.2/data/xhub/boards/XilinxBoardStore/boards/Xilinx/zcu216/es/1.2/board.xml as part xczu49dr-ffvf1760-2-e-es1 specified in board_part file is either invalid or not available
WARNING: [Board 49-26] cannot add Board Part xilinx.com:zcu216ld:part0:2.0 available at /opt/Xilinx/Vivado/2021.2/data/xhub/boards/XilinxBoardStore/boards/Xilinx/zcu216ld/production/2.0/board.xml as part xczu59dr-ffvf1760-2-i specified in board_part file is either invalid or not available
WARNING: [Board 49-26] cannot add Board Part xilinx.com:zcu216ld_es:part0:1.0 available at /opt/Xilinx/Vivado/2021.2/data/xhub/boards/XilinxBoardStore/boards/Xilinx/zcu216ld/es/1.0/board.xml as part xczu59dr-ffvf1760-2-i-es1 specified in board_part file is either invalid or not available
WARNING: [Board 49-26] cannot add Board Part xilinx.com:zcu670:part0:1.0 available at /opt/Xilinx/Vivado/2021.2/data/xhub/boards/XilinxBoardStore/boards/Xilinx/zcu670/1.0/board.xml as part xczu67dr-fsve1156-2-i specified in board_part file is either invalid or not available
open_project /users/course/2022S/HLS17000000/g110064539/OFDM_Implemented_by_HLS/without_II_violation_host/host/streaming_free_running_k2k/src/dsp/L1/examples/master_no_fifo_len/project_1/project_1.xpr
Scanning sources...
Finished scanning sources
INFO: [IP_Flow 19-234] Refreshing IP repositories
INFO: [IP_Flow 19-1700] Loaded user IP repository '/users/course/2022S/HLS17000000/g110064539/OFDM_Implemented_by_HLS/without_II_violation_host/host/streaming_free_running_k2k/src/dsp/L1/examples/master_no_fifo_len/prj_impulse_test.prj'.
INFO: [IP_Flow 19-2313] Loaded Vivado IP repository '/opt/Xilinx/Vivado/2021.2/data/ip'.
open_project: Time (s): cpu = 00:00:16 ; elapsed = 00:00:06 . Memory (MB): peak = 7931.398 ; gain = 55.359 ; free physical = 59654 ; free virtual = 243831
update_ip_catalog -rebuild
INFO: [IP_Flow 19-234] Refreshing IP repositories
INFO: [IP_Flow 19-1700] Loaded user IP repository '/users/course/2022S/HLS17000000/g110064539/OFDM_Implemented_by_HLS/without_II_violation_host/host/streaming_free_running_k2k/src/dsp/L1/examples/master_no_fifo_len/prj_impulse_test.prj'.
create_bd_design "design_1"
Wrote  : </users/course/2022S/HLS17000000/g110064539/OFDM_Implemented_by_HLS/without_II_violation_host/host/streaming_free_running_k2k/src/dsp/L1/examples/master_no_fifo_len/project_1/project_1.srcs/sources_1/bd/design_1/design_1.bd> 
update_compile_order -fileset sources_1
startgroup
create_bd_cell -type ip -vlnv xilinx.com:ip:zynq_ultra_ps_e:3.3 zynq_ultra_ps_e_0
endgroup
startgroup
create_bd_cell -type ip -vlnv xilinx.com:hls:master_top:2.0 master_top_0
endgroup
apply_bd_automation -rule xilinx.com:bd_rule:zynq_ultra_ps_e -config {apply_board_preset "1" }  [get_bd_cells zynq_ultra_ps_e_0]
set_property location {2 501 -583} [get_bd_cells master_top_0]
WARNING: [IP_Flow 19-474] Invalid Parameter 'Component_Name'
set_property -dict [list CONFIG.PSU__USE__S_AXI_GP2 {1}] [get_bd_cells zynq_ultra_ps_e_0]
startgroup
apply_bd_automation -rule xilinx.com:bd_rule:axi4 -config { Clk_master {Auto} Clk_slave {Auto} Clk_xbar {Auto} Master {/zynq_ultra_ps_e_0/M_AXI_HPM0_FPD} Slave {/master_top_0/s_axi_control} ddr_seg {Auto} intc_ip {New AXI Interconnect} master_apm {0}}  [get_bd_intf_pins master_top_0/s_axi_control]
INFO: [Ipptcl 7-1463] No Compatible Board Interface found. Board Tab not created in customize GUI
Slave segment '/master_top_0/s_axi_control/Reg' is being assigned into address space '/zynq_ultra_ps_e_0/Data' at <0xA000_0000 [ 64K ]>.
apply_bd_automation -rule xilinx.com:bd_rule:axi4 -config { Clk_master {Auto} Clk_slave {Auto} Clk_xbar {Auto} Master {/master_top_0/m_axi_gmem} Slave {/zynq_ultra_ps_e_0/S_AXI_HP0_FPD} ddr_seg {Auto} intc_ip {New AXI SmartConnect} master_apm {0}}  [get_bd_intf_pins zynq_ultra_ps_e_0/S_AXI_HP0_FPD]
Slave segment '/zynq_ultra_ps_e_0/SAXIGP2/HP0_DDR_HIGH' is being assigned into address space '/master_top_0/Data_m_axi_gmem' at <0x8_0000_0000 [ 32G ]>.
Slave segment '/zynq_ultra_ps_e_0/SAXIGP2/HP0_DDR_LOW' is being assigned into address space '/master_top_0/Data_m_axi_gmem' at <0x0000_0000 [ 2G ]>.
Slave segment '/zynq_ultra_ps_e_0/SAXIGP2/HP0_QSPI' is being assigned into address space '/master_top_0/Data_m_axi_gmem' at <0xC000_0000 [ 512M ]>.
Slave segment '/zynq_ultra_ps_e_0/SAXIGP2/HP0_LPS_OCM' is being assigned into address space '/master_top_0/Data_m_axi_gmem' at <0xFF00_0000 [ 16M ]>.
WARNING: [BD 41-1051] Slave segment '/zynq_ultra_ps_e_0/SAXIGP2/HP0_LPS_OCM' with 'register' usage does not match address space '/master_top_0/Data_m_axi_gmem' with 'memory' usage so will be excluded from this address space. Please use the 'include_bd_addr_seg' command to override this precaution if required.
Excluding slave segment /zynq_ultra_ps_e_0/SAXIGP2/HP0_LPS_OCM from address space /master_top_0/Data_m_axi_gmem.
endgroup
apply_bd_automation -rule xilinx.com:bd_rule:axi4 -config { Clk_master {Auto} Clk_slave {/zynq_ultra_ps_e_0/pl_clk0 (99 MHz)} Clk_xbar {/zynq_ultra_ps_e_0/pl_clk0 (99 MHz)} Master {/zynq_ultra_ps_e_0/M_AXI_HPM1_FPD} Slave {/master_top_0/s_axi_control} ddr_seg {Auto} intc_ip {/ps8_0_axi_periph} master_apm {0}}  [get_bd_intf_pins zynq_ultra_ps_e_0/M_AXI_HPM1_FPD]
WARNING: [xilinx.com:ip:zynq_ultra_ps_e:3.3-1] /zynq_ultra_ps_e_0</axi_smc/M00_AXI> of </axi_smc> is connected to </zynq_ultra_ps_e_0>. To avoid loops, any interface from </zynq_ultra_ps_e_0> should not be connected to </zynq_ultra_ps_e_0> using </axi_smc>
make_wrapper -files [get_files /users/course/2022S/HLS17000000/g110064539/OFDM_Implemented_by_HLS/without_II_violation_host/host/streaming_free_running_k2k/src/dsp/L1/examples/master_no_fifo_len/project_1/project_1.srcs/sources_1/bd/design_1/design_1.bd] -top
INFO: [xilinx.com:ip:smartconnect:1.0-1] design_1_axi_smc_0: SmartConnect design_1_axi_smc_0 is in High-performance Mode.
INFO: [Ipptcl 7-1463] No Compatible Board Interface found. Board Tab not created in customize GUI
WARNING: [BD 41-237] Bus Interface property AWUSER_WIDTH does not match between /ps8_0_axi_periph/s00_couplers/auto_ds/S_AXI(0) and /zynq_ultra_ps_e_0/M_AXI_HPM0_FPD(16)
WARNING: [BD 41-237] Bus Interface property ARUSER_WIDTH does not match between /ps8_0_axi_periph/s00_couplers/auto_ds/S_AXI(0) and /zynq_ultra_ps_e_0/M_AXI_HPM0_FPD(16)
WARNING: [BD 41-237] Bus Interface property AWUSER_WIDTH does not match between /ps8_0_axi_periph/s01_couplers/auto_ds/S_AXI(0) and /zynq_ultra_ps_e_0/M_AXI_HPM1_FPD(16)
WARNING: [BD 41-237] Bus Interface property ARUSER_WIDTH does not match between /ps8_0_axi_periph/s01_couplers/auto_ds/S_AXI(0) and /zynq_ultra_ps_e_0/M_AXI_HPM1_FPD(16)
WARNING: [BD 41-237] Bus Interface property AWUSER_WIDTH does not match between /zynq_ultra_ps_e_0/S_AXI_HP0_FPD(1) and /axi_smc/M00_AXI(0)
WARNING: [BD 41-237] Bus Interface property ARUSER_WIDTH does not match between /zynq_ultra_ps_e_0/S_AXI_HP0_FPD(1) and /axi_smc/M00_AXI(0)
WARNING: [BD 41-927] Following properties on pin /master_top_0/ap_clk have been updated from connected ip, but BD cell '/master_top_0' does not accept parameter changes, so they may not be synchronized with cell properties:
	FREQ_HZ = 99999001 
Please resolve any mismatches by directly setting properties on BD cell </master_top_0> to completely resolve these warnings.
Wrote  : </users/course/2022S/HLS17000000/g110064539/OFDM_Implemented_by_HLS/without_II_violation_host/host/streaming_free_running_k2k/src/dsp/L1/examples/master_no_fifo_len/project_1/project_1.srcs/sources_1/bd/design_1/design_1.bd> 
Wrote  : </users/course/2022S/HLS17000000/g110064539/OFDM_Implemented_by_HLS/without_II_violation_host/host/streaming_free_running_k2k/src/dsp/L1/examples/master_no_fifo_len/project_1/project_1.srcs/sources_1/bd/design_1/ui/bd_1f5defd0.ui> 
WARNING: [BD 41-2384] Width mismatch when connecting pin: '/axi_smc/S00_AXI_arlock'(1) to pin: '/master_top_0/m_axi_gmem_ARLOCK'(2) - Only lower order bits will be connected.
WARNING: [BD 41-2384] Width mismatch when connecting pin: '/axi_smc/S00_AXI_awlock'(1) to pin: '/master_top_0/m_axi_gmem_AWLOCK'(2) - Only lower order bits will be connected.
VHDL Output written to : /users/course/2022S/HLS17000000/g110064539/OFDM_Implemented_by_HLS/without_II_violation_host/host/streaming_free_running_k2k/src/dsp/L1/examples/master_no_fifo_len/project_1/project_1.gen/sources_1/bd/design_1/synth/design_1.v
WARNING: [BD 41-2384] Width mismatch when connecting pin: '/axi_smc/S00_AXI_arlock'(1) to pin: '/master_top_0/m_axi_gmem_ARLOCK'(2) - Only lower order bits will be connected.
WARNING: [BD 41-2384] Width mismatch when connecting pin: '/axi_smc/S00_AXI_awlock'(1) to pin: '/master_top_0/m_axi_gmem_AWLOCK'(2) - Only lower order bits will be connected.
VHDL Output written to : /users/course/2022S/HLS17000000/g110064539/OFDM_Implemented_by_HLS/without_II_violation_host/host/streaming_free_running_k2k/src/dsp/L1/examples/master_no_fifo_len/project_1/project_1.gen/sources_1/bd/design_1/sim/design_1.v
VHDL Output written to : /users/course/2022S/HLS17000000/g110064539/OFDM_Implemented_by_HLS/without_II_violation_host/host/streaming_free_running_k2k/src/dsp/L1/examples/master_no_fifo_len/project_1/project_1.gen/sources_1/bd/design_1/hdl/design_1_wrapper.v
make_wrapper: Time (s): cpu = 00:00:11 ; elapsed = 00:00:11 . Memory (MB): peak = 9694.504 ; gain = 0.000 ; free physical = 59091 ; free virtual = 243280
add_files -norecurse /users/course/2022S/HLS17000000/g110064539/OFDM_Implemented_by_HLS/without_II_violation_host/host/streaming_free_running_k2k/src/dsp/L1/examples/master_no_fifo_len/project_1/project_1.gen/sources_1/bd/design_1/hdl/design_1_wrapper.v
launch_runs impl_1 -to_step write_bitstream -jobs 32
INFO: [BD 41-1662] The design 'design_1.bd' is already validated. Therefore parameter propagation will not be re-run.
Wrote  : </users/course/2022S/HLS17000000/g110064539/OFDM_Implemented_by_HLS/without_II_violation_host/host/streaming_free_running_k2k/src/dsp/L1/examples/master_no_fifo_len/project_1/project_1.srcs/sources_1/bd/design_1/design_1.bd> 
Wrote  : </users/course/2022S/HLS17000000/g110064539/OFDM_Implemented_by_HLS/without_II_violation_host/host/streaming_free_running_k2k/src/dsp/L1/examples/master_no_fifo_len/project_1/project_1.srcs/sources_1/bd/design_1/ui/bd_1f5defd0.ui> 
WARNING: [BD 41-2384] Width mismatch when connecting pin: '/axi_smc/S00_AXI_arlock'(1) to pin: '/master_top_0/m_axi_gmem_ARLOCK'(2) - Only lower order bits will be connected.
WARNING: [BD 41-2384] Width mismatch when connecting pin: '/axi_smc/S00_AXI_awlock'(1) to pin: '/master_top_0/m_axi_gmem_AWLOCK'(2) - Only lower order bits will be connected.
VHDL Output written to : /users/course/2022S/HLS17000000/g110064539/OFDM_Implemented_by_HLS/without_II_violation_host/host/streaming_free_running_k2k/src/dsp/L1/examples/master_no_fifo_len/project_1/project_1.gen/sources_1/bd/design_1/synth/design_1.v
WARNING: [BD 41-2384] Width mismatch when connecting pin: '/axi_smc/S00_AXI_arlock'(1) to pin: '/master_top_0/m_axi_gmem_ARLOCK'(2) - Only lower order bits will be connected.
WARNING: [BD 41-2384] Width mismatch when connecting pin: '/axi_smc/S00_AXI_awlock'(1) to pin: '/master_top_0/m_axi_gmem_AWLOCK'(2) - Only lower order bits will be connected.
VHDL Output written to : /users/course/2022S/HLS17000000/g110064539/OFDM_Implemented_by_HLS/without_II_violation_host/host/streaming_free_running_k2k/src/dsp/L1/examples/master_no_fifo_len/project_1/project_1.gen/sources_1/bd/design_1/sim/design_1.v
VHDL Output written to : /users/course/2022S/HLS17000000/g110064539/OFDM_Implemented_by_HLS/without_II_violation_host/host/streaming_free_running_k2k/src/dsp/L1/examples/master_no_fifo_len/project_1/project_1.gen/sources_1/bd/design_1/hdl/design_1_wrapper.v
INFO: [xilinx.com:ip:zynq_ultra_ps_e:3.3-0] design_1_zynq_ultra_ps_e_0_0: 
Changes in your design (including the PCW configuration settings) are not automatically exported from Vivado to Xilinx's SDK, Petalinux or Yocto.
This is by design to avoid disrupting existing embedded development efforts. To have any changes of your design taking effect in the embedded software flow please export your
design by going through Vivado's main menu, click on File, then Export finally select Export Hardware, please ensure you click on the Include BitStream option.
The auto-generated HDF file is all you need to import in Xilinx's SDK, Petalinux or Yocto for your changes to be reflected in the Embedded Software Flow.
For more information, please consult PG201, section: Exporting PCW Settings to Embedded Software Flows
INFO: [PSU-0] Address Range of DDR (0x7ff00000 to 0x7fffffff) is reserved by PMU for internal purpose.
INFO: [IP_Flow 19-5611] Unable to find an associated reset port for the interface 'M_AXI_HPM0_FPD'. A default connection has been created.
INFO: [IP_Flow 19-5611] Unable to find an associated reset port for the interface 'M_AXI_HPM1_FPD'. A default connection has been created.
INFO: [IP_Flow 19-5611] Unable to find an associated reset port for the interface 'S_AXI_HP0_FPD'. A default connection has been created.
INFO: [BD 41-1029] Generation completed for the IP Integrator block zynq_ultra_ps_e_0 .
INFO: [BD 41-1029] Generation completed for the IP Integrator block master_top_0 .
INFO: [BD 41-1029] Generation completed for the IP Integrator block ps8_0_axi_periph/xbar .
WARNING: [IP_Flow 19-4994] Overwriting existing constraint file '/users/course/2022S/HLS17000000/g110064539/OFDM_Implemented_by_HLS/without_II_violation_host/host/streaming_free_running_k2k/src/dsp/L1/examples/master_no_fifo_len/project_1/project_1.gen/sources_1/bd/design_1/ip/design_1_auto_ds_0_1/design_1_auto_ds_0_ooc.xdc'
INFO: [IP_Flow 19-5611] Unable to find an associated reset port for the interface 'S_AXI'. A default connection has been created.
INFO: [IP_Flow 19-5611] Unable to find an associated reset port for the interface 'M_AXI'. A default connection has been created.
INFO: [BD 41-1029] Generation completed for the IP Integrator block ps8_0_axi_periph/s00_couplers/auto_ds .
WARNING: [IP_Flow 19-4994] Overwriting existing constraint file '/users/course/2022S/HLS17000000/g110064539/OFDM_Implemented_by_HLS/without_II_violation_host/host/streaming_free_running_k2k/src/dsp/L1/examples/master_no_fifo_len/project_1/project_1.gen/sources_1/bd/design_1/ip/design_1_auto_pc_0_1/design_1_auto_pc_0_ooc.xdc'
INFO: [BD 41-1029] Generation completed for the IP Integrator block ps8_0_axi_periph/s00_couplers/auto_pc .
WARNING: [IP_Flow 19-4994] Overwriting existing constraint file '/users/course/2022S/HLS17000000/g110064539/OFDM_Implemented_by_HLS/without_II_violation_host/host/streaming_free_running_k2k/src/dsp/L1/examples/master_no_fifo_len/project_1/project_1.gen/sources_1/bd/design_1/ip/design_1_auto_ds_1_1/design_1_auto_ds_1_ooc.xdc'
INFO: [IP_Flow 19-5611] Unable to find an associated reset port for the interface 'S_AXI'. A default connection has been created.
INFO: [IP_Flow 19-5611] Unable to find an associated reset port for the interface 'M_AXI'. A default connection has been created.
INFO: [BD 41-1029] Generation completed for the IP Integrator block ps8_0_axi_periph/s01_couplers/auto_ds .
WARNING: [IP_Flow 19-4994] Overwriting existing constraint file '/users/course/2022S/HLS17000000/g110064539/OFDM_Implemented_by_HLS/without_II_violation_host/host/streaming_free_running_k2k/src/dsp/L1/examples/master_no_fifo_len/project_1/project_1.gen/sources_1/bd/design_1/ip/design_1_auto_pc_1_1/design_1_auto_pc_1_ooc.xdc'
INFO: [BD 41-1029] Generation completed for the IP Integrator block ps8_0_axi_periph/s01_couplers/auto_pc .
INFO: [BD 41-1029] Generation completed for the IP Integrator block rst_ps8_0_99M .
Exporting to file /users/course/2022S/HLS17000000/g110064539/OFDM_Implemented_by_HLS/without_II_violation_host/host/streaming_free_running_k2k/src/dsp/L1/examples/master_no_fifo_len/project_1/project_1.gen/sources_1/bd/design_1/ip/design_1_axi_smc_0_1/bd_0/hw_handoff/design_1_axi_smc_0.hwh
Generated Hardware Definition File /users/course/2022S/HLS17000000/g110064539/OFDM_Implemented_by_HLS/without_II_violation_host/host/streaming_free_running_k2k/src/dsp/L1/examples/master_no_fifo_len/project_1/project_1.gen/sources_1/bd/design_1/ip/design_1_axi_smc_0_1/bd_0/synth/design_1_axi_smc_0.hwdef
INFO: [BD 41-1029] Generation completed for the IP Integrator block axi_smc .
Exporting to file /users/course/2022S/HLS17000000/g110064539/OFDM_Implemented_by_HLS/without_II_violation_host/host/streaming_free_running_k2k/src/dsp/L1/examples/master_no_fifo_len/project_1/project_1.gen/sources_1/bd/design_1/hw_handoff/design_1.hwh
Generated Hardware Definition File /users/course/2022S/HLS17000000/g110064539/OFDM_Implemented_by_HLS/without_II_violation_host/host/streaming_free_running_k2k/src/dsp/L1/examples/master_no_fifo_len/project_1/project_1.gen/sources_1/bd/design_1/synth/design_1.hwdef
[Sat Jul 23 16:52:36 2022] Launched design_1_zynq_ultra_ps_e_0_0_synth_1, design_1_auto_ds_1_synth_1, design_1_auto_pc_0_synth_1, design_1_auto_ds_0_synth_1, design_1_xbar_0_synth_1, design_1_master_top_0_0_synth_1, design_1_axi_smc_0_synth_1, design_1_rst_ps8_0_99M_0_synth_1, design_1_auto_pc_1_synth_1, synth_1...
Run output will be captured here:
design_1_zynq_ultra_ps_e_0_0_synth_1: /users/course/2022S/HLS17000000/g110064539/OFDM_Implemented_by_HLS/without_II_violation_host/host/streaming_free_running_k2k/src/dsp/L1/examples/master_no_fifo_len/project_1/project_1.runs/design_1_zynq_ultra_ps_e_0_0_synth_1/runme.log
design_1_auto_ds_1_synth_1: /users/course/2022S/HLS17000000/g110064539/OFDM_Implemented_by_HLS/without_II_violation_host/host/streaming_free_running_k2k/src/dsp/L1/examples/master_no_fifo_len/project_1/project_1.runs/design_1_auto_ds_1_synth_1/runme.log
design_1_auto_pc_0_synth_1: /users/course/2022S/HLS17000000/g110064539/OFDM_Implemented_by_HLS/without_II_violation_host/host/streaming_free_running_k2k/src/dsp/L1/examples/master_no_fifo_len/project_1/project_1.runs/design_1_auto_pc_0_synth_1/runme.log
design_1_auto_ds_0_synth_1: /users/course/2022S/HLS17000000/g110064539/OFDM_Implemented_by_HLS/without_II_violation_host/host/streaming_free_running_k2k/src/dsp/L1/examples/master_no_fifo_len/project_1/project_1.runs/design_1_auto_ds_0_synth_1/runme.log
design_1_xbar_0_synth_1: /users/course/2022S/HLS17000000/g110064539/OFDM_Implemented_by_HLS/without_II_violation_host/host/streaming_free_running_k2k/src/dsp/L1/examples/master_no_fifo_len/project_1/project_1.runs/design_1_xbar_0_synth_1/runme.log
design_1_master_top_0_0_synth_1: /users/course/2022S/HLS17000000/g110064539/OFDM_Implemented_by_HLS/without_II_violation_host/host/streaming_free_running_k2k/src/dsp/L1/examples/master_no_fifo_len/project_1/project_1.runs/design_1_master_top_0_0_synth_1/runme.log
design_1_axi_smc_0_synth_1: /users/course/2022S/HLS17000000/g110064539/OFDM_Implemented_by_HLS/without_II_violation_host/host/streaming_free_running_k2k/src/dsp/L1/examples/master_no_fifo_len/project_1/project_1.runs/design_1_axi_smc_0_synth_1/runme.log
design_1_rst_ps8_0_99M_0_synth_1: /users/course/2022S/HLS17000000/g110064539/OFDM_Implemented_by_HLS/without_II_violation_host/host/streaming_free_running_k2k/src/dsp/L1/examples/master_no_fifo_len/project_1/project_1.runs/design_1_rst_ps8_0_99M_0_synth_1/runme.log
design_1_auto_pc_1_synth_1: /users/course/2022S/HLS17000000/g110064539/OFDM_Implemented_by_HLS/without_II_violation_host/host/streaming_free_running_k2k/src/dsp/L1/examples/master_no_fifo_len/project_1/project_1.runs/design_1_auto_pc_1_synth_1/runme.log
synth_1: /users/course/2022S/HLS17000000/g110064539/OFDM_Implemented_by_HLS/without_II_violation_host/host/streaming_free_running_k2k/src/dsp/L1/examples/master_no_fifo_len/project_1/project_1.runs/synth_1/runme.log
[Sat Jul 23 16:52:37 2022] Launched impl_1...
Run output will be captured here: /users/course/2022S/HLS17000000/g110064539/OFDM_Implemented_by_HLS/without_II_violation_host/host/streaming_free_running_k2k/src/dsp/L1/examples/master_no_fifo_len/project_1/project_1.runs/impl_1/runme.log
launch_runs: Time (s): cpu = 00:00:35 ; elapsed = 00:00:39 . Memory (MB): peak = 9982.492 ; gain = 124.953 ; free physical = 57896 ; free virtual = 242137
exit
INFO: [Common 17-206] Exiting Vivado at Sat Jul 23 17:20:59 2022...
